2016 01 01 09 23
2016 01 01 10 30
2016 01 01 18 55
2016 01 02 20 20
2016 01 02 22 29
2016 01 03 09 12
2016 01 03 23 44
2016 01 05 14 36
2016 01 07 02 48
2016 01 07 07 08
2016 01 08 11 39
2016 01 08 15 09
2016 01 09 02 38
2016 01 09 17 41
2016 01 09 22 26
2016 01 10 03 02
2016 01 10 14 20
2016 01 10 18 07
2016 01 11 05 17
2016 01 11 08 07
2016 01 11 14 24
2016 01 12 05 04
2016 01 13 17 29
2016 01 14 05 20
2016 01 14 06 57
2016 01 14 07 25
2016 01 14 10 15
2016 01 15 02 04
2016 01 15 03 13
2016 01 16 05 15
2016 01 16 07 37
2016 01 17 19 05
2016 01 18 03 39
2016 01 19 15 12
2016 01 20 22 07
2016 01 21 07 08
2016 01 22 05 02
2016 01 23 00 19
2016 01 24 02 23
2016 01 24 16 30
2016 01 24 20 27
2016 01 24 23 34
2016 01 25 05 11
2016 01 25 16 53
2016 01 25 23 46
2016 01 26 09 58
2016 01 26 15 30
2016 01 26 19 45
2016 01 27 08 25
2016 01 27 09 00
2016 01 27 13 50
2016 01 27 20 48
2016 02 01 17 24
2016 02 01 18 42
2016 02 02 11 57
2016 02 02 17 23
2016 02 02 20 18
2016 02 02 20 43
2016 02 03 08 14
2016 02 03 08 32
2016 02 03 15 42
2016 02 03 18 56
2016 02 04 00 16
2016 02 05 08 12
2016 02 05 20 36
2016 02 07 07 12
2016 02 08 08 36
2016 02 08 13 13
2016 02 11 01 07
2016 02 11 19 12
2016 02 12 03 58
2016 02 12 11 06
2016 02 13 02 18
2016 02 13 15 35
2016 02 14 07 10
2016 02 14 18 37
2016 02 15 13 57
2016 02 16 07 57
2016 02 16 16 12
2016 02 16 21 29
2016 02 17 07 50
2016 02 17 15 33
2016 02 18 05 35
2016 02 18 21 04
2016 02 18 23 05
2016 02 22 03 24
2016 02 22 17 52
2016 02 23 14 32
2016 02 25 01 35
2016 02 28 06 15
2016 02 28 06 24
2016 02 28 17 20
2016 03 02 10 50
2016 03 04 12 47
2016 03 04 15 03
2016 03 05 19 17
2016 03 07 11 06
2016 03 08 21 03
2016 03 09 16 59
2016 03 10 10 16
2016 03 10 11 17
2016 03 10 17 19
2016 03 12 02 44
2016 03 12 18 34
2016 03 13 01 22
2016 03 17 11 43
2016 03 18 10 02
2016 03 18 14 44
2016 03 18 17 51
2016 03 19 03 16
2016 03 19 06 00
2016 03 19 06 35
2016 03 20 04 28
2016 03 20 15 16
2016 03 21 09 49
2016 03 21 19 14
2016 03 22 20 27
2016 03 23 09 51
2016 03 23 12 37
2016 03 28 01 59
2016 03 28 03 35
2016 03 28 20 56
2016 04 01 02 38
2016 04 02 12 49
2016 04 02 12 56
2016 04 02 15 15
2016 04 02 20 48
2016 04 02 22 26
2016 04 03 01 40
2016 04 03 02 31
2016 04 04 03 21
2016 04 05 00 32
2016 04 06 09 14
2016 04 09 06 27
2016 04 09 06 59
2016 04 09 17 19
2016 04 12 01 17
2016 04 12 22 25
2016 04 14 08 27
2016 04 14 09 47
2016 04 15 22 58
2016 04 16 23 37
2016 04 17 00 14
2016 04 17 05 15
2016 04 19 10 22
2016 04 19 19 04
2016 04 20 05 45
2016 04 20 18 16
2016 04 20 21 05
2016 04 21 05 46
2016 04 21 09 54
2016 04 21 10 20
2016 04 21 13 00
2016 04 21 17 50
2016 04 22 12 53
2016 04 23 01 55
2016 04 23 17 37
2016 04 23 22 19
2016 04 24 12 54
2016 04 24 21 48
2016 04 26 08 02
2016 04 26 13 44
2016 04 28 01 37
2016 04 28 20 27
2016 05 01 12 41
2016 05 01 23 38
2016 05 02 06 30
2016 05 02 18 56
2016 05 02 23 24
2016 05 03 08 39
2016 05 03 19 25
2016 05 04 08 40
2016 05 04 18 22
2016 05 05 09 09
2016 05 05 12 48
2016 05 06 21 53
2016 05 08 02 01
2016 05 08 02 10
2016 05 08 13 49
2016 05 10 14 35
2016 05 11 00 02
2016 05 11 21 55
2016 05 11 23 39
2016 05 12 19 06
2016 05 13 03 10
2016 05 14 06 08
2016 05 14 15 57
2016 05 14 18 59
2016 05 14 19 53
2016 05 15 00 08
2016 05 15 18 22
2016 05 16 02 29
2016 05 17 01 12
2016 05 17 20 29
2016 05 18 17 23
2016 05 20 00 15
2016 05 21 06 46
2016 05 21 10 42
2016 05 21 19 24
2016 05 21 19 33
2016 05 22 02 25
2016 05 23 07 45
2016 05 24 15 16
2016 05 24 23 29
2016 05 25 22 46
2016 05 26 08 50
2016 05 27 11 22
2016 05 27 15 25
2016 05 28 04 49
2016 06 01 07 50
2016 06 02 03 15
2016 06 02 10 21
2016 06 03 03 45
2016 06 04 01 28
2016 06 06 01 02
2016 06 06 03 35
2016 06 07 06 36
2016 06 07 20 42
2016 06 07 20 50
2016 06 07 21 42
2016 06 08 18 03
2016 06 09 08 32
2016 06 11 11 16
2016 06 12 02 52
2016 06 12 03 02
2016 06 13 01 46
2016 06 15 14 09
2016 06 16 01 14
2016 06 17 04 17
2016 06 17 07 38
2016 06 18 04 56
2016 06 18 23 38
2016 06 19 07 56
2016 06 19 18 17
2016 06 19 21 04
2016 06 21 23 08
2016 06 22 02 19
2016 06 22 15 07
2016 06 23 06 39
2016 06 23 07 41
2016 06 23 16 54
2016 06 24 17 17
2016 06 24 20 50
2016 06 25 09 31
2016 06 25 17 51
2016 06 25 21 34
2016 06 26 07 27
2016 06 26 20 27
2016 07 01 09 24
2016 07 01 10 31
2016 07 01 17 15
2016 07 01 20 35
2016 07 03 20 18
2016 07 05 05 05
2016 07 05 17 03
2016 07 05 20 28
2016 07 05 23 40
2016 07 06 03 59
2016 07 06 05 11
2016 07 06 10 10
2016 07 07 05 09
2016 07 07 06 06
2016 07 08 18 24
2016 07 10 11 43
2016 07 10 13 29
2016 07 11 10 35
2016 07 11 11 29
2016 07 11 16 27
2016 07 11 23 46
2016 07 13 06 12
2016 07 13 07 56
2016 07 13 10 23
2016 07 14 18 39
2016 07 15 17 54
2016 07 17 05 43
2016 07 17 10 04
2016 07 17 11 00
2016 07 17 23 03
2016 07 21 06 10
2016 07 21 08 28
2016 07 21 14 12
2016 07 21 15 38
2016 07 22 08 27
2016 07 22 09 12
2016 07 23 07 07
2016 07 26 00 44
2016 07 26 21 45
2016 07 26 22 37
2016 07 27 12 35
2016 08 02 02 59
2016 08 02 07 17
2016 08 03 02 45
2016 08 03 11 09
2016 08 03 18 16
2016 08 03 21 12
2016 08 03 21 39
2016 08 05 06 19
2016 08 05 07 58
2016 08 05 20 39
2016 08 06 08 14
2016 08 06 10 25
2016 08 07 11 12
2016 08 07 16 53
2016 08 08 20 51
2016 08 09 09 05
2016 08 09 12 14
2016 08 09 16 31
2016 08 09 22 47
2016 08 10 17 38
2016 08 11 15 39
2016 08 12 00 44
2016 08 12 01 35
2016 08 12 07 06
2016 08 12 15 45
2016 08 13 11 55
2016 08 13 13 07
2016 08 15 06 03
2016 08 17 11 28
2016 08 17 13 05
2016 08 17 13 22
2016 08 18 23 52
2016 08 19 20 06
2016 08 21 22 16
2016 08 22 00 46
2016 08 22 02 51
2016 08 22 09 51
2016 08 23 21 23
2016 08 24 11 59
2016 08 24 15 52
2016 08 25 09 54
2016 08 27 05 25
2016 08 27 16 11
2016 08 27 20 42
2016 08 28 13 21
2016 09 01 11 59
2016 09 01 12 11
2016 09 02 11 27
2016 09 03 04 17
2016 09 04 15 11
2016 09 06 03 55
2016 09 06 13 26
2016 09 06 14 39
2016 09 08 10 54
2016 09 09 01 42
2016 09 10 10 13
2016 09 11 09 42
2016 09 11 17 00
2016 09 12 13 04
2016 09 15 10 42
2016 09 16 01 12
2016 09 16 14 10
2016 09 16 22 20
2016 09 17 07 34
2016 09 17 17 21
2016 09 18 22 04
2016 09 19 00 52
2016 09 19 09 48
2016 09 19 17 28
2016 09 20 17 20
2016 09 21 05 54
2016 09 21 23 42
2016 09 22 14 11
2016 09 22 19 11
2016 09 23 03 11
2016 09 23 06 01
2016 09 25 02 39
2016 09 26 21 41
2016 09 28 03 34
2016 09 28 16 57
2016 10 01 09 16
2016 10 02 11 55
2016 10 02 14 49
2016 10 02 19 11
2016 10 03 01 30
2016 10 03 16 22
2016 10 03 16 55
2016 10 03 19 28
2016 10 04 20 11
2016 10 05 11 40
2016 10 06 08 03
2016 10 06 12 55
2016 10 07 00 07
2016 10 07 01 03
2016 10 07 06 07
2016 10 07 13 10
2016 10 07 19 14
2016 10 07 20 52
2016 10 07 22 39
2016 10 08 16 21
2016 10 08 23 19
2016 10 09 03 14
2016 10 10 01 47
2016 10 10 02 36
2016 10 11 14 20
2016 10 16 09 36
2016 10 16 22 39
2016 10 17 08 15
2016 10 17 11 23
2016 10 18 09 16
2016 10 20 07 49
2016 10 20 19 01
2016 10 21 12 24
2016 10 23 12 35
2016 10 25 04 45
2016 10 26 23 35
2016 10 27 08 09
2016 10 28 01 13
2016 11 01 01 11
2016 11 03 05 07
2016 11 03 17 43
2016 11 04 00 08
2016 11 04 19 08
2016 11 05 05 38
2016 11 06 00 46
2016 11 06 10 17
2016 11 07 21 45
2016 11 08 00 46
2016 11 08 17 43
2016 11 09 01 06
2016 11 09 07 47
2016 11 09 12 38
2016 11 10 11 11
2016 11 10 16 29
2016 11 11 02 41
2016 11 11 10 08
2016 11 12 01 53
2016 11 12 07 23
2016 11 12 11 27
2016 11 12 14 04
2016 11 13 02 47
2016 11 13 12 35
2016 11 16 02 11
2016 11 16 03 47
2016 11 17 14 35
2016 11 17 20 36
2016 11 18 11 46
2016 11 18 16 46
2016 11 19 10 55
2016 11 19 12 14
2016 11 19 12 47
2016 11 19 21 25
2016 11 21 00 23
2016 11 22 10 34
2016 11 23 02 37
2016 11 23 05 38
2016 11 23 09 22
2016 11 23 12 04
2016 11 24 07 35
2016 11 24 21 46
2016 11 24 22 22
2016 11 26 12 09
2016 11 26 14 31
2016 11 26 20 25
2016 11 26 20 41
2016 11 27 12 25
2016 11 28 03 50
2016 12 01 02 29
2016 12 01 19 46
2016 12 02 01 15
2016 12 02 18 48
2016 12 03 08 01
2016 12 04 06 12
2016 12 04 23 30
2016 12 05 15 54
2016 12 07 15 18
2016 12 07 18 18
2016 12 09 17 26
2016 12 09 17 37
2016 12 09 19 44
2016 12 10 13 10
2016 12 10 15 49
2016 12 11 17 29
2016 12 13 17 34
2016 12 13 20 22
2016 12 14 23 42
2016 12 15 06 49
2016 12 15 09 52
2016 12 16 00 26
2016 12 16 12 45
2016 12 17 11 30
2016 12 17 21 10
2016 12 17 21 14
2016 12 18 04 06
2016 12 18 14 27
2016 12 20 17 19
2016 12 20 17 37
2016 12 20 19 54
2016 12 21 03 25
2016 12 21 10 03
2016 12 21 20 00
2016 12 22 06 28
2016 12 22 06 56
2016 12 22 11 25
2016 12 22 20 09
2016 12 24 12 21
2016 12 24 14 51
2016 12 25 13 00
2016 12 26 05 05
2016 12 26 21 40
2016 12 28 10 49
