2016 01 01 18 51
2016 01 02 13 39
2016 01 02 16 38
2016 01 02 20 42
2016 01 03 18 01
2016 01 03 18 43
2016 01 03 20 31
2016 01 03 22 15
2016 01 04 08 33
2016 01 04 11 47
2016 01 06 05 26
2016 01 07 13 53
2016 01 08 07 36
2016 01 08 19 08
2016 01 10 15 29
2016 01 11 11 44
2016 01 12 09 22
2016 01 13 02 48
2016 01 15 01 58
2016 01 15 22 36
2016 01 16 10 30
2016 01 17 22 34
2016 01 18 06 25
2016 01 18 09 45
2016 01 18 10 53
2016 01 18 18 16
2016 01 19 00 19
2016 01 19 00 44
2016 01 19 06 53
2016 01 20 01 04
2016 01 20 02 09
2016 01 20 02 31
2016 01 20 07 04
2016 01 20 20 12
2016 01 21 04 40
2016 01 21 12 12
2016 01 21 22 13
2016 01 22 21 04
2016 01 23 12 44
2016 01 23 15 13
2016 01 24 21 58
2016 01 26 06 06
2016 01 26 10 33
2016 01 26 12 55
2016 01 26 22 30
2016 01 27 13 11
2016 01 28 08 19
2016 01 28 21 02
2016 02 03 17 55
2016 02 04 03 23
2016 02 04 18 55
2016 02 05 04 05
2016 02 05 20 13
2016 02 06 04 23
2016 02 06 09 37
2016 02 07 11 40
2016 02 07 12 01
2016 02 07 23 45
2016 02 08 05 39
2016 02 08 08 10
2016 02 08 08 33
2016 02 08 17 32
2016 02 08 19 52
2016 02 09 23 08
2016 02 10 10 15
2016 02 10 11 30
2016 02 10 14 23
2016 02 11 00 05
2016 02 11 02 47
2016 02 11 08 35
2016 02 11 23 21
2016 02 13 06 53
2016 02 14 22 46
2016 02 15 05 11
2016 02 15 08 15
2016 02 16 21 32
2016 02 17 00 11
2016 02 17 22 13
2016 02 19 19 12
2016 02 20 15 37
2016 02 20 19 40
2016 02 20 21 27
2016 02 21 17 23
2016 02 22 00 31
2016 02 22 09 27
2016 02 25 02 49
2016 02 25 09 56
2016 02 25 18 35
2016 02 26 03 48
2016 02 27 18 37
2016 02 27 22 45
2016 02 28 22 31
2016 03 02 09 02
2016 03 02 11 22
2016 03 04 18 45
2016 03 06 00 07
2016 03 06 13 34
2016 03 06 15 04
2016 03 08 03 39
2016 03 08 06 16
2016 03 08 07 51
2016 03 08 09 28
2016 03 09 10 40
2016 03 09 18 54
2016 03 10 04 26
2016 03 10 08 10
2016 03 10 19 05
2016 03 11 14 26
2016 03 11 21 59
2016 03 12 12 44
2016 03 13 01 26
2016 03 13 05 21
2016 03 13 10 24
2016 03 13 23 52
2016 03 14 07 16
2016 03 18 03 28
2016 03 18 17 57
2016 03 19 07 23
2016 03 20 19 46
2016 03 22 07 10
2016 03 23 22 25
2016 03 25 11 00
2016 03 26 01 45
2016 03 26 02 50
2016 03 26 02 58
2016 03 27 01 25
2016 03 27 02 09
2016 03 27 08 17
2016 04 01 06 20
2016 04 03 02 05
2016 04 04 10 55
2016 04 04 13 39
2016 04 04 17 54
2016 04 05 13 06
2016 04 05 17 05
2016 04 06 19 50
2016 04 08 08 18
2016 04 09 23 25
2016 04 10 06 54
2016 04 10 07 17
2016 04 10 10 15
2016 04 10 13 57
2016 04 11 09 07
2016 04 11 16 10
2016 04 11 18 16
2016 04 12 02 16
2016 04 12 06 23
2016 04 12 12 30
2016 04 12 14 57
2016 04 13 00 03
2016 04 13 03 18
2016 04 14 05 10
2016 04 16 11 28
2016 04 16 12 57
2016 04 16 19 02
2016 04 17 06 42
2016 04 17 14 19
2016 04 18 11 46
2016 04 19 15 53
2016 04 20 09 46
2016 04 24 00 22
2016 04 25 01 06
2016 04 25 13 07
2016 04 25 15 35
2016 04 26 09 02
2016 04 26 22 08
2016 04 28 01 43
2016 05 01 04 35
2016 05 01 10 25
2016 05 01 11 27
2016 05 01 14 47
2016 05 04 21 17
2016 05 05 01 08
2016 05 06 08 57
2016 05 06 15 48
2016 05 06 23 17
2016 05 07 07 05
2016 05 07 20 15
2016 05 08 08 56
2016 05 09 18 25
2016 05 10 07 01
2016 05 10 13 32
2016 05 10 17 10
2016 05 11 10 47
2016 05 12 00 54
2016 05 12 11 43
2016 05 12 14 16
2016 05 13 05 03
2016 05 14 18 56
2016 05 16 04 35
2016 05 16 04 59
2016 05 18 04 01
2016 05 18 14 01
2016 05 18 19 36
2016 05 19 16 13
2016 05 20 08 02
2016 05 20 15 23
2016 05 21 04 25
2016 05 21 06 45
2016 05 21 20 33
2016 05 22 03 59
2016 05 23 04 24
2016 05 23 12 01
2016 05 23 22 13
2016 05 24 01 02
2016 05 25 02 10
2016 05 25 21 07
2016 05 28 16 44
2016 06 01 15 24
2016 06 01 18 16
2016 06 03 19 08
2016 06 03 21 04
2016 06 04 14 39
2016 06 05 06 46
2016 06 05 09 29
2016 06 06 00 43
2016 06 08 04 27
2016 06 09 12 50
2016 06 09 21 37
2016 06 11 12 21
2016 06 11 16 04
2016 06 12 18 17
2016 06 12 23 24
2016 06 14 01 25
2016 06 14 08 24
2016 06 14 11 19
2016 06 15 19 13
2016 06 16 17 19
2016 06 17 20 09
2016 06 18 10 23
2016 06 19 02 12
2016 06 19 10 35
2016 06 19 12 29
2016 06 19 14 28
2016 06 19 15 33
2016 06 19 17 55
2016 06 20 05 11
2016 06 20 09 48
2016 06 20 16 44
2016 06 21 08 49
2016 06 21 19 44
2016 06 22 10 04
2016 06 22 10 13
2016 06 23 06 11
2016 06 23 13 26
2016 06 24 04 55
2016 06 24 12 46
2016 06 25 00 14
2016 06 26 04 27
2016 06 26 07 00
2016 06 26 10 47
2016 06 26 16 02
2016 06 27 14 05
2016 07 01 05 38
2016 07 01 06 40
2016 07 02 13 07
2016 07 04 05 36
2016 07 04 15 44
2016 07 05 09 00
2016 07 05 18 54
2016 07 06 13 00
2016 07 07 03 31
2016 07 08 10 52
2016 07 08 13 32
2016 07 10 02 23
2016 07 10 13 11
2016 07 11 14 54
2016 07 12 01 04
2016 07 12 03 47
2016 07 14 00 56
2016 07 14 17 18
2016 07 14 19 24
2016 07 14 20 39
2016 07 15 06 44
2016 07 15 15 37
2016 07 17 02 50
2016 07 17 04 30
2016 07 17 23 42
2016 07 19 19 53
2016 07 20 19 15
2016 07 20 23 51
2016 07 22 09 37
2016 07 23 04 47
2016 07 23 14 41
2016 07 25 12 15
2016 07 27 07 36
2016 07 28 04 21
2016 07 28 19 00
2016 08 01 05 27
2016 08 01 07 08
2016 08 02 09 00
2016 08 04 13 01
2016 08 04 16 17
2016 08 04 22 10
2016 08 06 05 23
2016 08 06 07 16
2016 08 06 07 26
2016 08 06 08 25
2016 08 06 13 19
2016 08 07 00 19
2016 08 08 06 59
2016 08 08 20 13
2016 08 09 08 37
2016 08 09 11 26
2016 08 10 21 23
2016 08 11 16 48
2016 08 13 04 54
2016 08 15 08 43
2016 08 15 09 59
2016 08 15 10 38
2016 08 15 13 05
2016 08 16 01 01
2016 08 16 05 11
2016 08 16 06 33
2016 08 16 18 58
2016 08 17 08 40
2016 08 17 17 28
2016 08 18 03 42
2016 08 18 06 35
2016 08 18 18 14
2016 08 19 08 04
2016 08 20 04 10
2016 08 20 12 08
2016 08 22 04 40
2016 08 22 05 58
2016 08 25 05 13
2016 08 26 02 48
2016 08 27 07 30
2016 09 02 05 53
2016 09 03 11 14
2016 09 03 12 42
2016 09 03 22 32
2016 09 03 23 20
2016 09 04 00 06
2016 09 04 17 50
2016 09 04 21 57
2016 09 05 03 30
2016 09 05 04 53
2016 09 06 03 31
2016 09 06 12 16
2016 09 06 15 22
2016 09 07 07 30
2016 09 08 16 03
2016 09 09 12 40
2016 09 10 03 27
2016 09 10 06 38
2016 09 10 23 08
2016 09 12 14 38
2016 09 12 23 23
2016 09 13 20 40
2016 09 14 08 18
2016 09 14 11 43
2016 09 14 16 12
2016 09 14 21 33
2016 09 14 21 55
2016 09 15 13 25
2016 09 17 08 25
2016 09 17 08 40
2016 09 17 10 48
2016 09 19 13 13
2016 09 19 13 37
2016 09 20 02 05
2016 09 20 03 22
2016 09 20 04 50
2016 09 22 00 05
2016 09 22 15 21
2016 09 23 04 08
2016 09 23 08 22
2016 09 23 20 07
2016 09 23 23 37
2016 09 24 12 09
2016 09 26 07 33
2016 09 26 12 24
2016 09 26 17 39
2016 09 26 22 51
2016 09 28 16 57
2016 09 28 23 07
2016 10 01 08 33
2016 10 01 09 14
2016 10 01 09 49
2016 10 05 07 11
2016 10 06 07 23
2016 10 07 12 50
2016 10 08 07 14
2016 10 08 12 34
2016 10 09 04 02
2016 10 09 06 49
2016 10 09 12 54
2016 10 09 13 52
2016 10 10 13 34
2016 10 11 02 55
2016 10 11 15 45
2016 10 12 10 30
2016 10 12 15 29
2016 10 13 17 28
2016 10 13 19 14
2016 10 14 16 10
2016 10 16 03 49
2016 10 17 21 07
2016 10 18 11 59
2016 10 20 05 41
2016 10 20 16 14
2016 10 24 04 17
2016 10 25 16 50
2016 10 26 02 55
2016 10 26 03 05
2016 10 26 09 37
2016 10 28 17 20
2016 11 01 08 24
2016 11 01 11 07
2016 11 01 11 50
2016 11 01 12 47
2016 11 02 19 38
2016 11 03 04 27
2016 11 04 11 17
2016 11 05 08 54
2016 11 05 23 25
2016 11 06 01 37
2016 11 06 04 17
2016 11 06 09 38
2016 11 07 13 06
2016 11 08 05 07
2016 11 08 18 18
2016 11 10 03 42
2016 11 10 04 04
2016 11 10 10 44
2016 11 11 15 46
2016 11 13 06 16
2016 11 13 11 56
2016 11 14 03 20
2016 11 14 04 33
2016 11 15 04 51
2016 11 16 08 51
2016 11 16 14 04
2016 11 16 15 56
2016 11 16 20 52
2016 11 17 09 27
2016 11 17 09 47
2016 11 17 18 57
2016 11 19 14 14
2016 11 22 00 48
2016 11 23 21 00
2016 11 23 22 21
2016 11 25 23 45
2016 11 27 10 02
2016 11 27 13 55
2016 12 01 13 21
2016 12 02 05 03
2016 12 02 08 03
2016 12 02 13 13
2016 12 02 19 43
2016 12 03 00 35
2016 12 03 00 42
2016 12 03 16 26
2016 12 05 02 46
2016 12 06 14 37
2016 12 09 19 47
2016 12 09 23 45
2016 12 10 04 37
2016 12 10 10 18
2016 12 10 22 44
2016 12 11 13 06
2016 12 12 09 56
2016 12 13 22 30
2016 12 13 23 18
2016 12 16 10 09
2016 12 16 13 23
2016 12 16 15 46
2016 12 16 18 26
2016 12 17 05 37
2016 12 17 09 54
2016 12 17 12 30
2016 12 18 11 00
2016 12 19 03 42
2016 12 20 07 23
2016 12 20 16 06
2016 12 20 19 10
2016 12 20 20 12
2016 12 20 20 55
2016 12 21 00 24
2016 12 21 02 31
2016 12 22 06 17
2016 12 22 07 10
2016 12 22 09 31
2016 12 22 09 37
2016 12 22 16 42
2016 12 24 23 02
2016 12 25 01 29
2016 12 25 14 57
2016 12 25 21 02
2016 12 25 21 05
2016 12 25 22 23
2016 12 25 23 57
2016 12 26 00 19
2016 12 26 01 18
2016 12 26 06 58
2016 12 26 07 21
2016 12 28 01 31
2016 12 28 08 27
2016 12 28 17 40 
