2016 01 01 13 51
2016 01 01 19 34
2016 01 01 20 38
2016 01 02 04 19
2016 01 04 18 51
2016 01 05 01 27
2016 01 05 01 48
2016 01 05 04 41
2016 01 05 14 14
2016 01 05 16 32
2016 01 06 08 04
2016 01 07 02 52
2016 01 07 23 09
2016 01 09 17 04
2016 01 10 12 16
2016 01 10 18 13
2016 01 11 01 31
2016 01 11 04 01
2016 01 11 11 10
2016 01 11 11 43
2016 01 12 01 59
2016 01 12 07 55
2016 01 12 08 58
2016 01 12 18 04
2016 01 13 21 33
2016 01 14 16 05
2016 01 15 03 44
2016 01 16 14 37
2016 01 18 18 55
2016 01 20 16 51
2016 01 20 17 36
2016 01 20 21 27
2016 01 21 02 43
2016 01 21 04 23
2016 01 26 13 09
2016 01 27 14 44
2016 01 27 15 42
2016 01 27 16 44
2016 01 27 20 33
2016 01 28 02 50
2016 01 28 03 18
2016 01 28 19 33
2016 02 01 01 17
2016 02 01 04 21
2016 02 01 12 12
2016 02 01 12 46
2016 02 02 09 18
2016 02 02 20 56
2016 02 03 10 05
2016 02 03 16 04
2016 02 03 22 56
2016 02 04 10 24
2016 02 05 20 45
2016 02 06 00 42
2016 02 06 16 17
2016 02 07 06 58
2016 02 07 23 38
2016 02 08 19 49
2016 02 09 00 57
2016 02 09 05 10
2016 02 10 02 22
2016 02 11 17 47
2016 02 11 18 21
2016 02 11 23 38
2016 02 12 13 27
2016 02 15 10 23
2016 02 15 18 37
2016 02 15 23 03
2016 02 16 19 09
2016 02 16 22 08
2016 02 17 15 04
2016 02 19 08 03
2016 02 19 16 39
2016 02 19 17 17
2016 02 21 03 19
2016 02 21 05 51
2016 02 21 21 26
2016 02 21 23 27
2016 02 24 05 46
2016 02 24 06 57
2016 02 24 23 24
2016 02 25 16 53
2016 02 25 18 07
2016 02 26 17 50
2016 02 27 06 38
2016 02 27 15 25
2016 02 28 19 11
2016 03 01 15 17
2016 03 01 17 55
2016 03 01 19 51
2016 03 02 09 58
2016 03 03 08 15
2016 03 03 19 33
2016 03 04 00 01
2016 03 05 07 48
2016 03 05 09 48
2016 03 07 15 51
2016 03 07 18 06
2016 03 08 07 43
2016 03 10 15 34
2016 03 10 20 57
2016 03 11 23 21
2016 03 13 16 24
2016 03 14 14 58
2016 03 14 17 33
2016 03 15 16 36
2016 03 16 08 44
2016 03 18 03 56
2016 03 18 08 57
2016 03 18 20 02
2016 03 19 09 21
2016 03 19 17 58
2016 03 19 21 06
2016 03 20 06 44
2016 03 20 13 40
2016 03 21 01 02
2016 03 21 05 54
2016 03 21 11 06
2016 03 21 11 41
2016 03 22 14 22
2016 03 23 09 15
2016 03 23 11 53
2016 03 23 21 20
2016 03 26 20 14
2016 03 27 00 31
2016 03 28 03 48
2016 03 28 12 44
2016 03 28 15 24
2016 04 01 08 54
2016 04 01 10 43
2016 04 01 17 51
2016 04 03 10 15
2016 04 03 10 38
2016 04 03 10 39
2016 04 04 15 54
2016 04 04 21 32
2016 04 06 11 18
2016 04 06 15 54
2016 04 08 12 43
2016 04 08 19 17
2016 04 09 04 07
2016 04 09 04 46
2016 04 09 06 46
2016 04 09 07 53
2016 04 10 14 59
2016 04 11 14 13
2016 04 11 18 08
2016 04 12 12 42
2016 04 12 14 06
2016 04 12 14 28
2016 04 14 00 12
2016 04 16 06 45
2016 04 17 08 59
2016 04 17 20 51
2016 04 18 20 05
2016 04 19 08 21
2016 04 19 11 13
2016 04 20 06 37
2016 04 20 08 45
2016 04 21 13 00
2016 04 25 06 09
2016 04 26 20 48
2016 04 27 02 03
2016 04 28 13 21
2016 05 01 04 46
2016 05 01 12 49
2016 05 01 21 08
2016 05 03 00 23
2016 05 05 06 25
2016 05 05 14 56
2016 05 06 04 13
2016 05 08 03 28
2016 05 10 03 27
2016 05 10 10 50
2016 05 10 23 26
2016 05 12 08 47
2016 05 12 23 46
2016 05 14 22 22
2016 05 15 04 53
2016 05 16 00 24
2016 05 16 05 00
2016 05 16 12 48
2016 05 16 17 39
2016 05 17 08 23
2016 05 17 15 10
2016 05 18 06 46
2016 05 18 09 03
2016 05 18 18 53
2016 05 19 03 12
2016 05 19 23 00
2016 05 19 23 43
2016 05 20 01 32
2016 05 20 13 19
2016 05 20 14 26
2016 05 20 20 56
2016 05 21 10 01
2016 05 21 19 48
2016 05 22 20 23
2016 05 23 10 24
2016 05 23 19 10
2016 05 24 13 37
2016 05 24 21 07
2016 05 26 00 21
2016 05 26 06 41
2016 05 26 22 36
2016 05 27 01 27
2016 05 27 13 39
2016 06 01 15 43
2016 06 01 17 28
2016 06 03 03 11
2016 06 03 07 25
2016 06 03 10 25
2016 06 03 15 55
2016 06 03 17 40
2016 06 04 19 55
2016 06 05 17 10
2016 06 06 09 11
2016 06 06 12 57
2016 06 06 16 38
2016 06 06 17 10
2016 06 07 13 24
2016 06 08 12 26
2016 06 09 08 23
2016 06 10 04 38
2016 06 12 14 43
2016 06 13 14 40
2016 06 13 20 30
2016 06 13 22 23
2016 06 14 02 35
2016 06 14 20 03
2016 06 16 12 32
2016 06 17 01 53
2016 06 18 01 00
2016 06 19 17 48
2016 06 20 03 49
2016 06 20 10 02
2016 06 21 08 33
2016 06 21 11 33
2016 06 22 18 09
2016 06 24 14 11
2016 06 24 22 49
2016 06 25 13 26
2016 06 26 01 34
2016 06 27 14 41
2016 06 28 20 44
2016 07 01 03 16
2016 07 01 06 08
2016 07 01 06 10
2016 07 02 02 47
2016 07 02 08 41
2016 07 02 16 30
2016 07 03 08 37
2016 07 03 10 48
2016 07 04 10 50
2016 07 05 15 49
2016 07 06 16 16
2016 07 08 00 49
2016 07 08 21 11
2016 07 09 05 30
2016 07 10 08 41
2016 07 11 07 56
2016 07 11 15 09
2016 07 12 20 44
2016 07 13 03 17
2016 07 13 05 06
2016 07 13 21 11
2016 07 13 23 28
2016 07 14 01 33
2016 07 14 17 54
2016 07 15 02 32
2016 07 15 20 31
2016 07 15 21 58
2016 07 16 01 56
2016 07 17 18 05
2016 07 18 18 24
2016 07 18 22 37
2016 07 19 14 45
2016 07 20 06 05
2016 07 20 22 34
2016 07 21 00 35
2016 07 21 11 47
2016 07 21 15 25
2016 07 22 08 25
2016 07 22 13 38
2016 07 22 21 56
2016 07 24 22 20
2016 07 25 19 51
2016 07 27 03 18
2016 07 27 11 27
2016 07 28 01 41
2016 08 01 00 43
2016 08 01 03 22
2016 08 01 09 01
2016 08 01 16 23
2016 08 03 07 44
2016 08 03 08 13
2016 08 03 08 49
2016 08 03 16 43
2016 08 04 04 53
2016 08 04 11 26
2016 08 04 11 46
2016 08 06 07 39
2016 08 08 05 04
2016 08 08 06 15
2016 08 09 15 34
2016 08 09 18 32
2016 08 09 23 30
2016 08 12 19 04
2016 08 13 03 07
2016 08 13 03 24
2016 08 13 11 09
2016 08 16 09 47
2016 08 17 01 00
2016 08 17 08 31
2016 08 18 18 45
2016 08 19 03 38
2016 08 19 08 43
2016 08 19 21 56
2016 08 20 15 48
2016 08 21 06 57
2016 08 21 16 30
2016 08 21 20 32
2016 08 22 09 02
2016 08 22 17 23
2016 08 22 19 25
2016 08 23 16 07
2016 08 24 09 00
2016 08 24 11 51
2016 08 24 19 31
2016 08 25 08 26
2016 08 26 17 16
2016 08 28 03 19
2016 08 28 15 47
2016 09 01 23 39
2016 09 02 09 29
2016 09 02 10 27
2016 09 02 10 55
2016 09 02 15 13
2016 09 04 06 34
2016 09 05 07 02
2016 09 05 08 32
2016 09 05 16 17
2016 09 05 20 29
2016 09 06 02 35
2016 09 06 12 27
2016 09 06 13 44
2016 09 07 15 23
2016 09 07 20 21
2016 09 07 22 34
2016 09 08 14 44
2016 09 08 23 59
2016 09 09 11 52
2016 09 10 15 45
2016 09 11 11 23
2016 09 12 05 41
2016 09 12 07 08
2016 09 12 16 48
2016 09 13 16 22
2016 09 18 03 52
2016 09 19 16 33
2016 09 20 11 47
2016 09 20 16 41
2016 09 21 06 56
2016 09 21 23 54
2016 09 22 02 33
2016 09 22 02 44
2016 09 22 03 47
2016 09 22 04 59
2016 09 22 07 32
2016 09 23 00 55
2016 09 25 10 40
2016 09 26 14 22
2016 09 26 17 15
2016 09 26 23 54
2016 09 27 17 46
2016 10 01 08 37
2016 10 01 17 59
2016 10 02 22 11
2016 10 03 01 42
2016 10 04 21 44
2016 10 07 00 42
2016 10 08 12 32
2016 10 09 07 52
2016 10 09 09 56
2016 10 09 18 44
2016 10 10 01 08
2016 10 12 01 52
2016 10 12 20 40
2016 10 13 19 41
2016 10 13 22 19
2016 10 14 13 29
2016 10 14 17 09
2016 10 15 07 35
2016 10 15 10 43
2016 10 15 13 04
2016 10 16 00 15
2016 10 16 00 17
2016 10 16 14 46
2016 10 17 09 30
2016 10 18 00 04
2016 10 18 18 58
2016 10 19 01 27
2016 10 19 02 29
2016 10 19 07 05
2016 10 19 09 45
2016 10 19 18 20
2016 10 19 23 52
2016 10 20 02 15
2016 10 20 21 45
2016 10 20 23 12
2016 10 21 09 40
2016 10 21 18 10
2016 10 23 01 56
2016 10 23 11 42
2016 10 23 12 18
2016 10 23 14 09
2016 10 25 03 10
2016 10 25 04 45
2016 10 25 09 50
2016 10 25 17 12
2016 10 26 15 17
2016 10 26 21 35
2016 10 28 09 00
2016 10 28 10 43
2016 10 28 15 39
2016 10 28 19 02
2016 10 28 22 57
2016 11 01 08 04
2016 11 03 10 28
2016 11 04 02 21
2016 11 06 02 53
2016 11 06 11 02
2016 11 08 07 21
2016 11 08 11 51
2016 11 10 10 42
2016 11 10 10 52
2016 11 10 14 17
2016 11 11 03 48
2016 11 11 20 24
2016 11 12 17 24
2016 11 12 23 00
2016 11 12 23 12
2016 11 16 03 03
2016 11 16 15 33
2016 11 16 19 11
2016 11 18 05 23
2016 11 18 20 26
2016 11 18 23 57
2016 11 20 19 56
2016 11 21 01 46
2016 11 21 03 08
2016 11 21 14 17
2016 11 25 13 42
2016 11 26 07 16
2016 11 26 07 19
2016 11 26 14 31
2016 11 27 06 34
2016 11 27 14 39
2016 11 27 22 10
2016 11 28 00 45
2016 12 02 00 39
2016 12 04 13 21
2016 12 04 14 28
2016 12 04 18 56
2016 12 05 00 17
2016 12 05 15 33
2016 12 05 15 35
2016 12 06 09 38
2016 12 07 15 53
2016 12 09 21 01
2016 12 10 22 41
2016 12 11 15 57
2016 12 11 15 59
2016 12 12 09 11
2016 12 12 20 21
2016 12 13 10 17
2016 12 13 11 29
2016 12 13 22 31
2016 12 14 04 54
2016 12 14 17 42
2016 12 15 10 39
2016 12 17 01 38
2016 12 18 05 08
2016 12 18 11 46
2016 12 19 23 52
2016 12 20 02 31
2016 12 20 02 34
2016 12 20 03 11
2016 12 20 11 11
2016 12 20 17 02
2016 12 20 20 43
2016 12 22 01 01
2016 12 22 22 49
2016 12 23 03 20
2016 12 23 03 38
2016 12 23 12 38
2016 12 23 17 01
2016 12 25 07 35
2016 12 26 06 20
2016 12 28 21 46
