2016 01 01 03 17
2016 01 01 09 27
2016 01 02 00 29
2016 01 03 11 58
2016 01 05 14 50
2016 01 05 15 20
2016 01 06 17 56
2016 01 07 04 06
2016 01 09 00 58
2016 01 10 20 17
2016 01 11 03 48
2016 01 11 07 33
2016 01 12 09 39
2016 01 12 19 18
2016 01 12 20 39
2016 01 14 01 51
2016 01 14 14 53
2016 01 14 16 15
2016 01 14 18 22
2016 01 14 19 03
2016 01 16 19 38
2016 01 17 05 01
2016 01 17 07 40
2016 01 19 06 09
2016 01 19 20 46
2016 01 20 05 54
2016 01 20 10 58
2016 01 21 10 32
2016 01 21 12 28
2016 01 22 01 49
2016 01 23 01 51
2016 01 23 17 25
2016 01 24 01 04
2016 01 24 07 53
2016 01 24 21 32
2016 01 25 07 07
2016 01 25 07 42
2016 01 26 01 47
2016 01 26 08 20
2016 01 28 03 36
2016 01 28 13 11
2016 01 28 22 48
2016 02 01 00 10
2016 02 01 03 56
2016 02 01 09 23
2016 02 01 14 33
2016 02 01 21 46
2016 02 03 11 19
2016 02 04 00 42
2016 02 04 09 29
2016 02 04 15 10
2016 02 07 10 00
2016 02 07 19 19
2016 02 08 08 00
2016 02 09 17 15
2016 02 10 18 35
2016 02 11 05 55
2016 02 11 13 48
2016 02 12 11 51
2016 02 13 02 15
2016 02 13 04 13
2016 02 13 12 02
2016 02 13 13 53
2016 02 13 18 30
2016 02 15 02 34
2016 02 18 12 56
2016 02 18 16 44
2016 02 18 22 05
2016 02 19 19 50
2016 02 20 16 44
2016 02 21 13 30
2016 02 22 12 09
2016 02 23 08 59
2016 02 23 10 58
2016 02 25 00 47
2016 02 26 01 02
2016 02 26 07 29
2016 02 26 07 43
2016 02 26 21 02
2016 02 27 12 31
2016 03 01 05 37
2016 03 01 15 30
2016 03 01 17 06
2016 03 03 03 40
2016 03 03 05 41
2016 03 04 10 11
2016 03 05 00 36
2016 03 05 08 28
2016 03 05 09 19
2016 03 05 18 24
2016 03 06 09 26
2016 03 06 16 30
2016 03 06 19 02
2016 03 08 11 58
2016 03 09 10 52
2016 03 09 11 22
2016 03 09 16 25
2016 03 09 17 44
2016 03 10 00 39
2016 03 10 13 55
2016 03 10 14 32
2016 03 11 18 48
2016 03 11 22 47
2016 03 11 23 06
2016 03 12 05 14
2016 03 12 10 53
2016 03 12 21 11
2016 03 13 13 56
2016 03 13 14 34
2016 03 15 04 46
2016 03 15 08 37
2016 03 15 14 43
2016 03 16 05 00
2016 03 16 20 17
2016 03 17 06 46
2016 03 17 07 05
2016 03 17 12 28
2016 03 20 04 02
2016 03 20 12 55
2016 03 21 06 01
2016 03 21 12 01
2016 03 22 01 07
2016 03 23 04 01
2016 03 24 12 27
2016 03 24 19 51
2016 03 25 09 19
2016 03 26 01 32
2016 03 26 07 04
2016 03 28 09 44
2016 04 02 12 10
2016 04 02 13 22
2016 04 03 12 00
2016 04 03 23 16
2016 04 04 10 39
2016 04 04 18 39
2016 04 05 06 53
2016 04 05 20 31
2016 04 09 10 18
2016 04 09 12 50
2016 04 10 13 49
2016 04 12 00 45
2016 04 19 18 30
2016 04 20 00 33
2016 04 20 23 36
2016 04 21 13 30
2016 04 21 15 01
2016 04 22 03 20
2016 04 22 13 08
2016 04 23 09 10
2016 04 23 18 51
2016 04 25 01 33
2016 04 25 05 21
2016 04 25 05 33
2016 04 25 19 25
2016 04 26 10 14
2016 04 26 23 52
2016 04 28 03 48
2016 04 28 10 40
2016 04 28 15 31
2016 04 28 20 35
2016 05 01 02 33
2016 05 02 06 52
2016 05 02 14 27
2016 05 02 14 41
2016 05 03 00 19
2016 05 04 02 25
2016 05 04 12 34
2016 05 04 14 47
2016 05 04 21 40
2016 05 06 02 26
2016 05 06 07 11
2016 05 07 02 48
2016 05 08 20 50
2016 05 09 17 14
2016 05 10 12 14
2016 05 14 11 29
2016 05 14 14 48
2016 05 15 01 04
2016 05 15 02 12
2016 05 17 11 35
2016 05 17 17 38
2016 05 18 03 35
2016 05 18 05 24
2016 05 18 13 05
2016 05 18 13 32
2016 05 19 03 52
2016 05 20 05 26
2016 05 20 05 44
2016 05 20 23 02
2016 05 21 06 58
2016 05 21 13 50
2016 05 21 16 17
2016 05 22 20 21
2016 05 22 23 17
2016 05 23 03 00
2016 05 24 12 26
2016 05 25 03 38
2016 05 26 12 52
2016 05 27 05 23
2016 05 28 10 16
2016 06 01 11 14
2016 06 01 12 59
2016 06 02 12 57
2016 06 03 01 53
2016 06 03 17 47
2016 06 04 07 05
2016 06 06 13 29
2016 06 06 20 27
2016 06 08 00 11
2016 06 08 02 56
2016 06 08 21 49
2016 06 09 04 37
2016 06 09 06 23
2016 06 09 10 28
2016 06 09 17 23
2016 06 09 20 57
2016 06 10 13 48
2016 06 10 15 32
2016 06 10 18 54
2016 06 11 01 34
2016 06 12 05 19
2016 06 12 14 44
2016 06 12 14 55
2016 06 12 16 56
2016 06 13 04 51
2016 06 13 20 22
2016 06 14 09 11
2016 06 14 16 35
2016 06 15 01 06
2016 06 16 01 21
2016 06 16 19 29
2016 06 17 06 39
2016 06 17 11 42
2016 06 19 09 20
2016 06 19 18 08
2016 06 19 22 35
2016 06 20 13 35
2016 06 21 02 26
2016 06 21 06 02
2016 06 25 21 17
2016 06 26 22 33
2016 06 27 03 57
2016 06 27 13 39
2016 06 28 07 23
2016 07 03 03 56
2016 07 03 06 21
2016 07 03 10 55
2016 07 03 17 39
2016 07 05 06 44
2016 07 05 12 06
2016 07 06 08 00
2016 07 06 09 38
2016 07 06 20 52
2016 07 07 22 02
2016 07 08 01 11
2016 07 08 03 42
2016 07 09 05 22
2016 07 10 01 57
2016 07 10 11 31
2016 07 10 14 24
2016 07 11 19 36
2016 07 12 00 48
2016 07 12 03 13
2016 07 13 10 05
2016 07 14 04 03
2016 07 14 14 54
2016 07 14 23 34
2016 07 15 11 17
2016 07 16 01 09
2016 07 16 11 18
2016 07 17 16 26
2016 07 18 01 21
2016 07 20 18 47
2016 07 22 03 19
2016 07 22 06 04
2016 07 23 12 47
2016 07 24 16 31
2016 07 25 02 56
2016 07 25 03 00
2016 07 26 00 59
2016 07 27 22 18
2016 08 01 02 20
2016 08 02 03 57
2016 08 02 09 14
2016 08 02 17 51
2016 08 03 12 25
2016 08 04 21 15
2016 08 05 00 21
2016 08 05 16 17
2016 08 06 06 40
2016 08 06 22 58
2016 08 06 23 30
2016 08 08 11 29
2016 08 09 23 50
2016 08 10 04 32
2016 08 12 00 23
2016 08 13 02 19
2016 08 13 08 07
2016 08 14 04 56
2016 08 15 18 04
2016 08 16 06 36
2016 08 17 11 42
2016 08 18 05 55
2016 08 19 04 06
2016 08 19 06 41
2016 08 20 00 53
2016 08 20 01 22
2016 08 20 09 31
2016 08 21 11 49
2016 08 22 18 06
2016 08 23 03 09
2016 08 23 10 32
2016 08 24 09 10
2016 08 26 16 44
2016 08 27 03 45
2016 08 28 08 30
2016 08 28 12 36
2016 09 02 15 04
2016 09 03 01 03
2016 09 04 01 54
2016 09 04 20 26
2016 09 05 02 41
2016 09 05 16 36
2016 09 05 19 27
2016 09 06 03 52
2016 09 06 11 11
2016 09 06 13 05
2016 09 07 02 38
2016 09 09 05 51
2016 09 10 16 38
2016 09 12 02 16
2016 09 12 11 37
2016 09 12 23 40
2016 09 13 15 41
2016 09 13 15 54
2016 09 14 17 32
2016 09 14 20 31
2016 09 14 22 33
2016 09 15 08 29
2016 09 15 13 46
2016 09 16 00 56
2016 09 17 04 26
2016 09 17 13 26
2016 09 18 01 57
2016 09 18 05 15
2016 09 18 16 32
2016 09 18 20 50
2016 09 19 03 04
2016 09 19 09 01
2016 09 20 03 25
2016 09 21 05 10
2016 09 21 12 28
2016 09 21 17 41
2016 09 21 20 37
2016 09 21 20 57
2016 09 22 21 22
2016 09 23 07 11
2016 09 23 08 43
2016 09 25 05 36
2016 09 25 07 37
2016 09 26 03 26
2016 09 26 10 06
2016 09 27 13 56
2016 09 27 20 10
2016 09 28 11 29
2016 10 01 13 33
2016 10 01 13 57
2016 10 02 02 08
2016 10 02 06 37
2016 10 02 20 17
2016 10 04 11 44
2016 10 05 13 01
2016 10 06 00 06
2016 10 06 16 52
2016 10 09 03 33
2016 10 09 08 15
2016 10 09 12 14
2016 10 10 04 26
2016 10 12 01 39
2016 10 12 06 35
2016 10 12 17 20
2016 10 12 22 59
2016 10 13 02 32
2016 10 13 04 57
2016 10 13 14 59
2016 10 14 21 10
2016 10 14 22 43
2016 10 15 17 17
2016 10 16 13 43
2016 10 16 20 02
2016 10 18 04 58
2016 10 18 10 29
2016 10 19 03 30
2016 10 19 16 42
2016 10 20 02 43
2016 10 21 09 01
2016 10 22 01 46
2016 10 22 03 32
2016 10 24 19 04
2016 10 25 09 42
2016 10 26 17 48
2016 10 27 09 34
2016 10 27 21 11
2016 10 28 15 22
2016 11 01 02 29
2016 11 01 06 20
2016 11 01 18 37
2016 11 02 02 04
2016 11 02 06 09
2016 11 02 13 27
2016 11 03 00 59
2016 11 03 02 02
2016 11 03 03 57
2016 11 03 23 27
2016 11 04 23 04
2016 11 05 09 25
2016 11 07 09 04
2016 11 07 23 58
2016 11 08 18 33
2016 11 10 11 48
2016 11 10 12 30
2016 11 10 15 21
2016 11 10 17 01
2016 11 11 10 12
2016 11 11 21 31
2016 11 14 00 25
2016 11 15 08 00
2016 11 15 19 55
2016 11 16 03 10
2016 11 16 17 06
2016 11 16 23 21
2016 11 18 17 51
2016 11 19 05 55
2016 11 19 15 28
2016 11 19 16 07
2016 11 19 23 39
2016 11 20 15 37
2016 11 20 22 34
2016 11 22 07 11
2016 11 22 10 27
2016 11 22 11 43
2016 11 23 15 25
2016 11 24 03 01
2016 11 24 14 10
2016 11 27 08 57
2016 11 28 17 18
2016 12 01 06 17
2016 12 01 09 14
2016 12 01 20 24
2016 12 02 01 05
2016 12 02 05 18
2016 12 02 16 51
2016 12 03 16 27
2016 12 04 05 42
2016 12 04 11 00
2016 12 04 11 20
2016 12 04 11 25
2016 12 04 14 19
2016 12 05 01 42
2016 12 05 02 12
2016 12 05 03 22
2016 12 05 03 58
2016 12 06 09 22
2016 12 07 01 35
2016 12 07 09 49
2016 12 07 12 28
2016 12 08 09 28
2016 12 08 10 21
2016 12 08 14 28
2016 12 08 20 07
2016 12 09 12 51
2016 12 09 21 53
2016 12 10 16 10
2016 12 11 02 14
2016 12 11 22 28
2016 12 12 08 18
2016 12 12 10 42
2016 12 12 13 50
2016 12 13 03 34
2016 12 15 10 23
2016 12 15 22 17
2016 12 18 01 37
2016 12 18 06 30
2016 12 19 09 25
2016 12 19 23 19
2016 12 19 23 58
2016 12 21 23 22
2016 12 22 03 30
2016 12 23 10 37
2016 12 25 04 03
2016 12 25 13 15
2016 12 25 23 54
2016 12 26 05 39
2016 12 26 10 19
2016 12 26 17 25
2016 12 26 19 12
2016 12 26 20 35
2016 12 27 05 42
2016 12 27 14 42
2016 12 28 17 24
